0 silly input [ 'full-test' ]
1 silly flags {
1 silly flags   _: [ 'run' ],
1 silly flags   'reject-cycles': false,
1 silly flags   rejectCycles: false,
1 silly flags   script: 'full-test',
1 silly flags   args: []
1 silly flags }
2 verbose rootPath /Users/stephen/workspace/speed-measure-webpack-plugin
3 info version 2.11.0
4 silly existsSync /Users/stephen/workspace/speed-measure-webpack-plugin/VERSION
5 silly initialize attempt
6 silly initialize success
7 silly execute attempt
8 silly runScriptInDir full-test [] v1-plain
9 silly getExecOpts {
9 silly getExecOpts   cwd: '/Users/stephen/workspace/speed-measure-webpack-plugin/__tests__/setups/v1-plain'
9 silly getExecOpts }
10 silly runScriptInDir full-test [] v2-plain
11 silly getExecOpts {
11 silly getExecOpts   cwd: '/Users/stephen/workspace/speed-measure-webpack-plugin/__tests__/setups/v2-plain'
11 silly getExecOpts }
12 silly runScriptInDir full-test [] v3-circular-plugin
13 silly getExecOpts {
13 silly getExecOpts   cwd: '/Users/stephen/workspace/speed-measure-webpack-plugin/__tests__/setups/v3-circular-plugin'
13 silly getExecOpts }
14 silly runScriptInDir full-test [] v3-hard-source-webpack-plugin
15 silly getExecOpts {
15 silly getExecOpts   cwd: '/Users/stephen/workspace/speed-measure-webpack-plugin/__tests__/setups/v3-hard-source-webpack-plugin'
15 silly getExecOpts }
16 silly runScriptInDir full-test [] v3-plain
17 silly getExecOpts {
17 silly getExecOpts   cwd: '/Users/stephen/workspace/speed-measure-webpack-plugin/__tests__/setups/v3-plain'
17 silly getExecOpts }
18 silly runScriptInDir full-test [] v3-stats
19 silly getExecOpts {
19 silly getExecOpts   cwd: '/Users/stephen/workspace/speed-measure-webpack-plugin/__tests__/setups/v3-stats'
19 silly getExecOpts }
20 silly runScriptInDir full-test [] v4-circular-plugin
21 silly getExecOpts {
21 silly getExecOpts   cwd: '/Users/stephen/workspace/speed-measure-webpack-plugin/__tests__/setups/v4-circular-plugin'
21 silly getExecOpts }
22 silly runScriptInDir full-test [] v4-hard-source-webpack-plugin
23 silly getExecOpts {
23 silly getExecOpts   cwd: '/Users/stephen/workspace/speed-measure-webpack-plugin/__tests__/setups/v4-hard-source-webpack-plugin'
23 silly getExecOpts }
24 silly runScriptInDir full-test [] v4-html-webpack-plugin
25 silly getExecOpts {
25 silly getExecOpts   cwd: '/Users/stephen/workspace/speed-measure-webpack-plugin/__tests__/setups/v4-html-webpack-plugin'
25 silly getExecOpts }
26 silly runScriptInDir full-test [] v4-multi-conf
27 silly getExecOpts {
27 silly getExecOpts   cwd: '/Users/stephen/workspace/speed-measure-webpack-plugin/__tests__/setups/v4-multi-conf'
27 silly getExecOpts }
28 silly runScriptInDir full-test [] v4-plain
29 silly getExecOpts {
29 silly getExecOpts   cwd: '/Users/stephen/workspace/speed-measure-webpack-plugin/__tests__/setups/v4-plain'
29 silly getExecOpts }
30 silly runScriptInDir full-test [] v4-stats
31 silly getExecOpts {
31 silly getExecOpts   cwd: '/Users/stephen/workspace/speed-measure-webpack-plugin/__tests__/setups/v4-stats'
31 silly getExecOpts }
32 error full-test Errored while running script in 'v3-hard-source-webpack-plugin'
33 error execute callback with error
34 error Error: Command failed: npm run full-test
34 error FAIL ./smp.test.js (42.507s)
34 error   smp
34 error     v3-hard-source-webpack-plugin
34 error       ✕ should generate the same app.js content (5ms)
34 error       ✕ should generate the same app.js content after 2 runs (163ms)
34 error       ✕ should state the time taken overall (10ms)
34 error       ✕ should state the time taken by the plugins (1ms)
34 error       ✕ should state the time taken by the loaders (1ms)
34 error
34 error   ● smp › v3-hard-source-webpack-plugin › should generate the same app.js content
34 error
34 error     Timeout - Async callback was not invoked within the 20000ms timeout specified by jest.setTimeout.
34 error
34 error       at node_modules/jest-jasmine2/build/queue_runner.js:68:21
34 error
34 error   ● smp › v3-hard-source-webpack-plugin › should generate the same app.js content
34 error
34 error     Timeout - Async callback was not invoked within the 20000ms timeout specified by jest.setTimeout.
34 error
34 error       at node_modules/jest-jasmine2/build/queue_runner.js:68:21
34 error
34 error   ● smp › v3-hard-source-webpack-plugin › should generate the same app.js content after 2 runs
34 error
34 error     Timeout - Async callback was not invoked within the 20000ms timeout specified by jest.setTimeout.
34 error
34 error       at node_modules/jest-jasmine2/build/queue_runner.js:68:21
34 error
34 error   ● smp › v3-hard-source-webpack-plugin › should generate the same app.js content after 2 runs
34 error
34 error     Timeout - Async callback was not invoked within the 20000ms timeout specified by jest.setTimeout.
34 error
34 error       at node_modules/jest-jasmine2/build/queue_runner.js:68:21
34 error
34 error   ● smp › v3-hard-source-webpack-plugin › should generate the same app.js content after 2 runs
34 error
34 error     TypeError: cb.apply is not a function
34 error
34 error       at node_modules/graceful-fs/polyfills.js:287:18
34 error
34 error   ● smp › v3-hard-source-webpack-plugin › should generate the same app.js content after 2 runs
34 error
34 error     TypeError: cb.apply is not a function
34 error
34 error       at node_modules/graceful-fs/polyfills.js:287:18
34 error
34 error   ● smp › v3-hard-source-webpack-plugin › should generate the same app.js content after 2 runs
34 error
34 error     TypeError: cb.apply is not a function
34 error
34 error       at node_modules/graceful-fs/polyfills.js:287:18
34 error
34 error   ● smp › v3-hard-source-webpack-plugin › should generate the same app.js content after 2 runs
34 error
34 error     TypeError: cb.apply is not a function
34 error
34 error       at node_modules/graceful-fs/polyfills.js:287:18
34 error
34 error   ● smp › v3-hard-source-webpack-plugin › should state the time taken overall
34 error
34 error     Timeout - Async callback was not invoked within the 20000ms timeout specified by jest.setTimeout.
34 error
34 error       at node_modules/jest-jasmine2/build/queue_runner.js:68:21
34 error
34 error   ● smp › v3-hard-source-webpack-plugin › should state the time taken overall
34 error
34 error     Timeout - Async callback was not invoked within the 20000ms timeout specified by jest.setTimeout.
34 error
34 error       at node_modules/jest-jasmine2/build/queue_runner.js:68:21
34 error
34 error   ● smp › v3-hard-source-webpack-plugin › should state the time taken overall
34 error
34 error     expect(string)[.not].toMatch(expected)
34 error
34 error     string value must be a string.
34 error     Received: undefined
34 error
34 error       74 |
34 error       75 |     it("should state the time taken overall", () => {
34 error     > 76 |       expect(testRef.smpOutput).toMatch(
34 error       77 |         /General output time took .*([0-9]+ mins? )?[0-9]+(\.[0-9]+)? secs/
34 error       78 |       );
34 error       79 |     });
34 error
34 error       at Object.toMatch (smp.test.js:76:33)
34 error
34 error   ● smp › v3-hard-source-webpack-plugin › should state the time taken by the plugins
34 error
34 error     Timeout - Async callback was not invoked within the 20000ms timeout specified by jest.setTimeout.
34 error
34 error       at node_modules/jest-jasmine2/build/queue_runner.js:68:21
34 error
34 error   ● smp › v3-hard-source-webpack-plugin › should state the time taken by the plugins
34 error
34 error     Timeout - Async callback was not invoked within the 20000ms timeout specified by jest.setTimeout.
34 error
34 error       at node_modules/jest-jasmine2/build/queue_runner.js:68:21
34 error
34 error   ● smp › v3-hard-source-webpack-plugin › should state the time taken by the plugins
34 error
34 error     expect(string)[.not].toMatch(expected)
34 error
34 error     string value must be a string.
34 error     Received: undefined
34 error
34 error       80 |
34 error       81 |     it("should state the time taken by the plugins", () => {
34 error     > 82 |       expect(testRef.smpOutput).toMatch(
34 error       83 |         /DefinePlugin.* took .*([0-9]+ mins? )?[0-9]+(\.[0-9]+)? secs/
34 error       84 |       );
34 error       85 |     });
34 error
34 error       at Object.toMatch (smp.test.js:82:33)
34 error
34 error   ● smp › v3-hard-source-webpack-plugin › should state the time taken by the loaders
34 error
34 error     Timeout - Async callback was not invoked within the 20000ms timeout specified by jest.setTimeout.
34 error
34 error       at node_modules/jest-jasmine2/build/queue_runner.js:68:21
34 error
34 error   ● smp › v3-hard-source-webpack-plugin › should state the time taken by the loaders
34 error
34 error     Timeout - Async callback was not invoked within the 20000ms timeout specified by jest.setTimeout.
34 error
34 error       at node_modules/jest-jasmine2/build/queue_runner.js:68:21
34 error
34 error   ● smp › v3-hard-source-webpack-plugin › should state the time taken by the loaders
34 error
34 error     expect(string)[.not].toMatch(expected)
34 error
34 error     string value must be a string.
34 error     Received: undefined
34 error
34 error       86 |
34 error       87 |     it("should state the time taken by the loaders", () => {
34 error     > 88 |       expect(testRef.smpOutput).toMatch(
34 error       89 |         /babel-loader.* took .*([0-9]+ mins? )?[0-9]+(\.[0-9]+)? secs.*\n\s+module count\s+= [0-9]+/
34 error       90 |       );
34 error       91 |     });
34 error
34 error       at Object.toMatch (smp.test.js:88:33)
34 error
34 error Test Suites: 1 failed, 1 total
34 error Tests:       5 failed, 5 total
34 error Snapshots:   0 total
34 error Time:        42.687s
34 error Ran all test suites matching /.\/smp.test.js/i.
34 error /Users/stephen/workspace/speed-measure-webpack-plugin/__tests__/setups/v3-hard-source-webpack-plugin/node_modules/graceful-fs/polyfills.js:287
34 error       if (cb) cb.apply(this, arguments)
34 error                  ^
34 error
34 error TypeError: cb.apply is not a function
34 error     at /Users/stephen/workspace/speed-measure-webpack-plugin/__tests__/setups/v3-hard-source-webpack-plugin/node_modules/graceful-fs/polyfills.js:287:18
34 error     at FSReqCallback.oncomplete (fs.js:169:5)
34 error npm ERR! code ELIFECYCLE
34 error npm ERR! errno 1
34 error npm ERR! v3-hard-source-webpack-plugin@0.0.1 test: `jest ./smp.test.js`
34 error npm ERR! Exit status 1
34 error npm ERR!
34 error npm ERR! Failed at the v3-hard-source-webpack-plugin@0.0.1 test script.
34 error npm ERR! This is probably not a problem with npm. There is likely additional logging output above.
34 error
34 error npm ERR! A complete log of this run can be found in:
34 error npm ERR!     /Users/stephen/.npm/_logs/2021-01-23T16_17_26_464Z-debug.log
34 error npm ERR! code ELIFECYCLE
34 error npm ERR! errno 1
34 error npm ERR! v3-hard-source-webpack-plugin@0.0.1 full-test: `npm run prepare && npm run test && npm run cleanup`
34 error npm ERR! Exit status 1
34 error npm ERR!
34 error npm ERR! Failed at the v3-hard-source-webpack-plugin@0.0.1 full-test script.
34 error npm ERR! This is probably not a problem with npm. There is likely additional logging output above.
34 error
34 error npm ERR! A complete log of this run can be found in:
34 error npm ERR!     /Users/stephen/.npm/_logs/2021-01-23T16_17_26_506Z-debug.log
34 error
34 error > v3-hard-source-webpack-plugin@0.0.1 full-test /Users/stephen/workspace/speed-measure-webpack-plugin/__tests__/setups/v3-hard-source-webpack-plugin
34 error > npm run prepare && npm run test && npm run cleanup
34 error
34 error
34 error > v3-hard-source-webpack-plugin@0.0.1 prepare /Users/stephen/workspace/speed-measure-webpack-plugin/__tests__/setups/v3-hard-source-webpack-plugin
34 error > cp -r ../../common/* .
34 error
34 error
34 error > v3-hard-source-webpack-plugin@0.0.1 test /Users/stephen/workspace/speed-measure-webpack-plugin/__tests__/setups/v3-hard-source-webpack-plugin
34 error > jest ./smp.test.js
34 error
34 error   console.warn node_modules/hard-source-webpack-plugin/lib/logger-factory.js:98
34 error     [hard-source:core] HardSourceWebpackPlugin is writing to a new confighash path for the first time: /Users/stephen/workspace/speed-measure-webpack-plugin/__tests__/setups/v3-hard-source-webpack-plugin/node_modules/.cache/hard-source/3d669ca77289b45af86342784bdf772552b9698b2faaa1267d9cf29f4e661d1f
34 error
34 error   console.error node_modules/jest-jasmine2/build/jasmine/Env.js:160
34 error     Unhandled error
34 error
34 error   console.error node_modules/jest-jasmine2/build/jasmine/Env.js:161
34 error     TypeError: cb.apply is not a function
34 error         at /Users/stephen/workspace/speed-measure-webpack-plugin/__tests__/setups/v3-hard-source-webpack-plugin/node_modules/graceful-fs/polyfills.js:287:18
34 error         at FSReqCallback.oncomplete (fs.js:169:5)
34 error
34 error   console.error node_modules/jest-jasmine2/build/jasmine/Env.js:160
34 error     Unhandled error
34 error
34 error   console.error node_modules/jest-jasmine2/build/jasmine/Env.js:161
34 error     TypeError: cb.apply is not a function
34 error         at /Users/stephen/workspace/speed-measure-webpack-plugin/__tests__/setups/v3-hard-source-webpack-plugin/node_modules/graceful-fs/polyfills.js:287:18
34 error         at FSReqCallback.oncomplete (fs.js:169:5)
34 error
34 error   console.error node_modules/jest-jasmine2/build/jasmine/Env.js:160
34 error     Unhandled error
34 error
34 error   console.error node_modules/jest-jasmine2/build/jasmine/Env.js:161
34 error     TypeError: cb.apply is not a function
34 error         at /Users/stephen/workspace/speed-measure-webpack-plugin/__tests__/setups/v3-hard-source-webpack-plugin/node_modules/graceful-fs/polyfills.js:287:18
34 error         at FSReqCallback.oncomplete (fs.js:169:5)
34 error
34 error   console.error node_modules/jest-jasmine2/build/jasmine/Env.js:160
34 error     Unhandled error
34 error
34 error   console.error node_modules/jest-jasmine2/build/jasmine/Env.js:161
34 error     TypeError: cb.apply is not a function
34 error         at /Users/stephen/workspace/speed-measure-webpack-plugin/__tests__/setups/v3-hard-source-webpack-plugin/node_modules/graceful-fs/polyfills.js:287:18
34 error         at FSReqCallback.oncomplete (fs.js:169:5)
34 error
34 error   console.error node_modules/jest-jasmine2/build/jasmine/Env.js:160
34 error     Unhandled error
34 error
34 error   console.error node_modules/jest-jasmine2/build/jasmine/Env.js:161
34 error     TypeError: cb.apply is not a function
34 error         at /Users/stephen/workspace/speed-measure-webpack-plugin/__tests__/setups/v3-hard-source-webpack-plugin/node_modules/graceful-fs/polyfills.js:287:18
34 error         at FSReqCallback.oncomplete (fs.js:169:5)
34 error
34 error   console.error node_modules/jest-jasmine2/build/jasmine/Env.js:160
34 error     Unhandled error
34 error
34 error   console.error node_modules/jest-jasmine2/build/jasmine/Env.js:161
34 error     TypeError: cb.apply is not a function
34 error         at /Users/stephen/workspace/speed-measure-webpack-plugin/__tests__/setups/v3-hard-source-webpack-plugin/node_modules/graceful-fs/polyfills.js:287:18
34 error         at FSReqCallback.oncomplete (fs.js:169:5)
34 error
34 error   console.warn node_modules/hard-source-webpack-plugin/lib/logger-factory.js:98
34 error     [hard-source:core] HardSourceWebpackPlugin is writing to a new confighash path for the first time: /Users/stephen/workspace/speed-measure-webpack-plugin/__tests__/setups/v3-hard-source-webpack-plugin/node_modules/.cache/hard-source/9bff47019d826c197709ae37ca0a11cbcb72ba223096f399f33e3bd30541388b
34 error
34 error   console.error node_modules/jest-jasmine2/build/jasmine/Env.js:160
34 error     Unhandled error
34 error
34 error   console.error node_modules/jest-jasmine2/build/jasmine/Env.js:161
34 error     TypeError: cb.apply is not a function
34 error         at /Users/stephen/workspace/speed-measure-webpack-plugin/__tests__/setups/v3-hard-source-webpack-plugin/node_modules/graceful-fs/polyfills.js:287:18
34 error         at FSReqCallback.oncomplete (fs.js:169:5)
34 error
34 error   console.error node_modules/jest-jasmine2/build/jasmine/Env.js:160
34 error     Unhandled error
34 error
34 error   console.error node_modules/jest-jasmine2/build/jasmine/Env.js:161
34 error     TypeError: cb.apply is not a function
34 error         at /Users/stephen/workspace/speed-measure-webpack-plugin/__tests__/setups/v3-hard-source-webpack-plugin/node_modules/graceful-fs/polyfills.js:287:18
34 error         at FSReqCallback.oncomplete (fs.js:169:5)
34 error
34 error   console.error node_modules/jest-jasmine2/build/jasmine/Env.js:160
34 error     Unhandled error
34 error
34 error   console.error node_modules/jest-jasmine2/build/jasmine/Env.js:161
34 error     TypeError: cb.apply is not a function
34 error         at /Users/stephen/workspace/speed-measure-webpack-plugin/__tests__/setups/v3-hard-source-webpack-plugin/node_modules/graceful-fs/polyfills.js:287:18
34 error         at FSReqCallback.oncomplete (fs.js:169:5)
34 error
34 error   console.error node_modules/jest-jasmine2/build/jasmine/Env.js:160
34 error     Unhandled error
34 error
34 error   console.error node_modules/jest-jasmine2/build/jasmine/Env.js:161
34 error     TypeError: cb.apply is not a function
34 error         at /Users/stephen/workspace/speed-measure-webpack-plugin/__tests__/setups/v3-hard-source-webpack-plugin/node_modules/graceful-fs/polyfills.js:287:18
34 error         at FSReqCallback.oncomplete (fs.js:169:5)
34 error
34 error   console.error node_modules/jest-jasmine2/build/jasmine/Env.js:160
34 error     Unhandled error
34 error
34 error   console.error node_modules/jest-jasmine2/build/jasmine/Env.js:161
34 error     TypeError: cb.apply is not a function
34 error         at /Users/stephen/workspace/speed-measure-webpack-plugin/__tests__/setups/v3-hard-source-webpack-plugin/node_modules/graceful-fs/polyfills.js:287:18
34 error         at FSReqCallback.oncomplete (fs.js:169:5)
34 error
34 error   console.error node_modules/jest-jasmine2/build/jasmine/Env.js:160
34 error     Unhandled error
34 error
34 error   console.error node_modules/jest-jasmine2/build/jasmine/Env.js:161
34 error     TypeError: cb.apply is not a function
34 error         at /Users/stephen/workspace/speed-measure-webpack-plugin/__tests__/setups/v3-hard-source-webpack-plugin/node_modules/graceful-fs/polyfills.js:287:18
34 error         at FSReqCallback.oncomplete (fs.js:169:5)
34 error
34 error   console.warn node_modules/hard-source-webpack-plugin/lib/logger-factory.js:98
34 error     [hard-source:core] HardSourceWebpackPlugin is writing to a new confighash path for the first time: /Users/stephen/workspace/speed-measure-webpack-plugin/__tests__/setups/v3-hard-source-webpack-plugin/node_modules/.cache/hard-source/a5c3cdccf43535b5a9b01107c75171aa3a2291b663ac14a28b980904f0be4b1f
34 error
34 error
34 error     at /Users/stephen/workspace/speed-measure-webpack-plugin/node_modules/lerna/node_modules/execa/index.js:236:11
